Arguments: 
  /usr/bin/node /usr/share/yarn/bin/yarn.js add react-native-image-picker

PATH: 
  /home/blackbirdz/.sdkman/candidates/gradle/current/bin:/home/blackbirdz/.local/bin:/usr/local/sbin:/usr/local/bin:/usr/sbin:/usr/bin:/sbin:/bin:/usr/games:/usr/local/games:/snap/bin:/usr/lib/jvm/java-8-oracle/bin:/usr/lib/jvm/java-8-oracle/db/bin:/usr/lib/jvm/java-8-oracle/jre/bin

Yarn version: 
  1.10.1

Node version: 
  8.12.0

Platform: 
  linux x64

Trace: 
  Error: EACCES: permission denied, mkdir '/home/blackbirdz/project/epitcture/node_modules/react-native/node_modules/yargs'

npm manifest: 
  {
    "name": "empty-project-template",
    "main": "node_modules/expo/AppEntry.js",
    "private": true,
    "scripts": {
      "start": "expo start",
      "android": "expo start --android",
      "ios": "expo start --ios",
      "eject": "expo eject"
    },
    "dependencies": {
      "@expo/vector-icons": "^8.0.0",
      "axios": "^0.18.0",
      "expo": "^30.0.1",
      "react": "^16.6.0",
      "react-native": "https://github.com/expo/react-native/archive/sdk-30.0.0.tar.gz",
      "react-native-app-auth": "^4.0.0",
      "react-native-elements": "^0.19.1",
      "react-native-selectme": "^1.2.3",
      "react-native-swipe-up-down": "^1.0.7",
      "react-native-vector-icons": "^6.0.2",
      "react-native-video": "^3.2.1",
      "react-navigation": "^2.18.2",
      "react-redux": "^5.1.0"
    }
  }

yarn manifest: 
  No manifest

Lockfile: 
  No lockfile
